<?xml version="1.0" encoding="UTF-8"?>
<testsuite xmlns:xsi="http://www.w3.org/2001/XMLSchema-instance" xsi:noNamespaceSchemaLocation="https://maven.apache.org/surefire/maven-surefire-plugin/xsd/surefire-test-report.xsd" name="stepdefs.RunCukeTest" time="18.34" tests="7" errors="2" skipped="0" failures="0">
  <properties>
[...]
</properties>
  <testcase name="Given user opens base lobby" classname="Scenario: Header" time="0.001"/>
  <testcase name="Then my header is displayed" classname="Scenario: Header" time="0"/>
  <testcase name="Scenario: Header" classname="Scenario: Header" time="0.66">
    <error message="Can&apos;t get item from storage: uuid can&apos;t be null" type="java.lang.NullPointerException">java.lang.NullPointerException: Can't get item from storage: uuid can't be null
</error>
    <system-out><![CDATA[2021-02-06 01:14:44 [INFO] [afterScenario:20] - Scenario: Header passed
2021-02-06 01:14:44 [INFO] [attachSnapshotToReport:1107] - Add snapshot to report
2021-02-06 01:14:44 [INFO] [takeScreenShot:1045] - Taking snapshot
]]></system-out>
    <system-err><![CDATA[SLF4J: Failed to load class "org.slf4j.impl.StaticLoggerBinder".
SLF4J: Defaulting to no-operation (NOP) logger implementation
SLF4J: See http://www.slf4j.org/codes.html#StaticLoggerBinder for further details.
]]></system-err>
  </testcase>
  <testcase name="Given user opens base lobby" classname="Scenario: Search" time="0"/>
  <testcase name="Then my search is displayed" classname="Scenario: Search" time="0"/>
  <testcase name="And user enters ABC in search form" classname="Scenario: Search" time="0"/>
  <testcase name="Scenario: Search" classname="Scenario: Search" time="0.326">
    <error message="Can&apos;t get item from storage: uuid can&apos;t be null" type="java.lang.NullPointerException">java.lang.NullPointerException: Can't get item from storage: uuid can't be null
</error>
    <system-out><![CDATA[2021-02-06 01:14:46 [INFO] [afterScenario:20] - Scenario: Search passed
2021-02-06 01:14:46 [INFO] [attachSnapshotToReport:1107] - Add snapshot to report
2021-02-06 01:14:46 [INFO] [takeScreenShot:1045] - Taking snapshot
]]></system-out>
  </testcase>
</testsuite>